<?xml version="1.0" encoding="UTF-8"?>
<testsuite name="OccupantMapTest" tests="1" skipped="0" failures="0" errors="0" timestamp="2024-12-12T11:21:08" hostname="Saabarins-MacBook-Air.local" time="0.061">
  <properties/>
  <testcase name="testOccupantMap()" classname="OccupantMapTest" time="0.061"/>
  <system-out><![CDATA[]]></system-out>
  <system-err><![CDATA[]]></system-err>
</testsuite>
