<?xml version="1.0" encoding="UTF-8"?>
<testsuite name="OccupantMapTest" tests="2" skipped="0" failures="0" errors="0" timestamp="2024-12-12T10:02:05" hostname="Saabarins-MacBook-Air.local" time="0.089">
  <properties/>
  <testcase name="testOccupantMap()" classname="OccupantMapTest" time="0.086"/>
  <testcase name="testCalculateThresholds()" classname="OccupantMapTest" time="0.002"/>
  <system-out><![CDATA[]]></system-out>
  <system-err><![CDATA[]]></system-err>
</testsuite>
