<?xml version="1.0" encoding="UTF-8"?>
<testsuite name="OccupantMapTest" tests="1" skipped="0" failures="0" errors="0" timestamp="2024-12-11T15:16:02" hostname="MacBookAir" time="0.066">
  <properties/>
  <testcase name="testOccupantMap()" classname="OccupantMapTest" time="0.066"/>
  <system-out><![CDATA[Key: mon_8-9, Values: {A=[0]}
Key: mon_8-9, Values: {B=[1]}
Key: mon_9-10, Values: {A=[0]}
Key: mon_9-10, Values: {B=[1]}
Key: mon_10-11, Values: {A=[0]}
Key: mon_10-11, Values: {B=[0]}
Key: mon_11-12, Values: {A=[0]}
Key: mon_11-12, Values: {B=[0]}
Key: mon_12-13, Values: {A=[0]}
Key: mon_12-13, Values: {B=[0]}
Key: mon_13-14, Values: {A=[1]}
Key: mon_13-14, Values: {B=[1]}
Key: mon_14-15, Values: {A=[1]}
Key: mon_14-15, Values: {B=[1]}
Key: mon_15-16, Values: {A=[1]}
Key: mon_15-16, Values: {B=[1]}
Key: mon_16-17, Values: {A=[0]}
Key: mon_16-17, Values: {B=[1]}
Key: mon_17-18, Values: {A=[0]}
Key: mon_17-18, Values: {B=[1]}
Key: mon_18-19, Values: {A=[1]}
Key: mon_18-19, Values: {B=[0]}
Key: mon_19-20, Values: {A=[1]}
Key: mon_19-20, Values: {B=[1]}
Key: mon_20-21, Values: {A=[1]}
Key: mon_20-21, Values: {B=[0]}
Key: mon_21-22, Values: {A=[0]}
Key: mon_21-22, Values: {B=[1]}
]]></system-out>
  <system-err><![CDATA[]]></system-err>
</testsuite>
